OO2020-02-06 08:48:09,942  DEBUG [UserController.java:72] - New user (Aurimasb) was created.
 GENTOO2020-02-06 08:48:10,053  DEBUG [UserService.java:65] - New user (Aurimasb) was added.
 GENTOO2020-02-06 09:20:30,785  DEBUG [UserService.java:31] - User (Aurimasb) was not found.
 GENTOO2020-02-06 09:28:43,142  DEBUG [UserService.java:31] - User (Aurimasb) was not found.
 GENTOO2020-02-06 09:28:48,664  DEBUG [UserService.java:31] - User (Aurimasb) was not found.
 GENTOO2020-02-06 09:31:07,794  DEBUG [UserController.java:72] - New user (info) was created.
 GENTOO2020-02-06 09:31:07,905  DEBUG [UserService.java:65] - New user (info) was added.
 GENTOO2020-02-06 09:31:22,466  DEBUG [UserService.java:31] - User (info) was not found.
 GENTOO2020-02-06 11:01:18,263  DEBUG [UserService.java:31] - User (Aurimasb) was not found.
 GENTOO2020-02-06 11:01:51,500  DEBUG [UserController.java:72] - New user (4i) was created.
 GENTOO2020-02-06 11:01:51,611  DEBUG [UserService.java:65] - New user (4i) was added.
 GENTOO2020-02-06 11:02:14,820  DEBUG [UserService.java:31] - User (4i) was not found.
 GENTOO2020-02-06 11:57:45,506  DEBUG [UserController.java:51] - User (4i) was found.
 GENTOO2020-02-06 12:08:45,897  DEBUG [UserController.java:51] - User (info) was found.
 GENTOO2020-02-06 12:08:56,884  DEBUG [UserController.java:91] - New user (info) was updated.
 GENTOO2020-02-06 12:08:56,997  DEBUG [UserService.java:78] - User (i) was updated.
 GENTOO2020-02-06 12:12:56,053  DEBUG [UserService.java:31] - User (Aurimasb) was not found.
 GENTOO2020-02-06 12:13:02,375  DEBUG [UserController.java:51] - User (i) was found.
 GENTOO2020-02-06 12:13:43,043  DEBUG [UserController.java:91] - New user (i) was updated.
 GENTOO2020-02-06 12:13:43,155  DEBUG [UserService.java:78] - User (ifgggg) was updated.
 GENTOO2020-02-06 12:15:49,395  DEBUG [UserService.java:31] - User (Aurimasb) was not found.
 GENTOO2020-02-06 12:15:54,972  DEBUG [UserController.java:51] - User (ifgggg) was found.
 GENTOO2020-02-06 12:16:12,997  DEBUG [UserController.java:91] - New user (ifgggg) was updated.
 GENTOO2020-02-06 12:16:13,111  DEBUG [UserService.java:78] - User (if) was updated.
 GENTOO2020-02-06 12:16:25,100  DEBUG [UserController.java:51] - User (if) was found.
 GENTOO2020-02-06 12:17:11,179  DEBUG [UserController.java:91] - New user (if) was updated.
 GENTOO2020-02-06 12:17:11,293  DEBUG [UserService.java:78] - User (i2) was updated.
 GENTOO2020-02-06 12:20:45,802  DEBUG [UserService.java:31] - User (Aurimasb) was not found.
 GENTOO2020-02-06 12:20:53,006  DEBUG [UserController.java:51] - User (i2) was found.
 GENTOO2020-02-06 12:23:56,892  DEBUG [UserController.java:91] - New user (i2) was updated.
 GENTOO2020-02-06 12:23:57,006  DEBUG [UserService.java:78] - User (iggg) was updated.
 GENTOO2020-02-06 12:25:54,161  DEBUG [UserService.java:31] - User (Aurimasb) was not found.
 GENTOO2020-02-06 12:25:58,549  DEBUG [UserController.java:51] - User (iggg) was found.
 GENTOO2020-02-06 12:27:06,939  DEBUG [UserController.java:91] - New user (iggg) was updated.
 GENTOO2020-02-06 12:27:07,050  DEBUG [UserService.java:78] - User (u) was updated.
 GENTOO2020-02-06 12:27:55,983  DEBUG [UserService.java:31] - User (Aurimasb) was not found.
 GENTOO2020-02-06 12:28:02,533  DEBUG [UserController.java:51] - User (4i) was found.
 GENTOO2020-02-06 12:28:49,962  DEBUG [UserController.java:91] - New user (4i) was updated.
 GENTOO2020-02-06 12:28:50,074  DEBUG [UserService.java:78] - User (i) was updated.
 GENTOO2020-02-06 12:29:56,323  DEBUG [UserService.java:31] - User (Aurimasb) was not found.
 GENTOO2020-02-06 12:30:01,605  DEBUG [UserController.java:51] - User (u) was found.
 GENTOO2020-02-06 12:30:33,132  DEBUG [UserController.java:91] - New user (u) was updated.
 GENTOO2020-02-06 12:30:33,244  DEBUG [UserService.java:78] - User (ud) was updated.
 GENTOO2020-02-06 12:31:57,365  DEBUG [UserController.java:51] - User (ud) was found.
 GENTOO2020-02-06 12:36:28,979  DEBUG [UserController.java:51] - User (ud) was found.
 GENTOO2020-02-06 12:36:49,598  DEBUG [UserService.java:31] - User (Aurimasb) was not found.
 GENTOO2020-02-06 12:36:54,399  DEBUG [UserController.java:51] - User (ud) was found.
 GENTOO2020-02-06 12:38:59,332  DEBUG [UserController.java:51] - User (ud) was found.
 GENTOO2020-02-06 12:39:22,122  DEBUG [UserService.java:31] - User (Aurimasb) was not found.
 GENTOO2020-02-06 12:39:27,254  DEBUG [UserController.java:51] - User (ud) was found.
 GENTOO2020-02-06 12:41:37,980  DEBUG [UserController.java:51] - User (ud) was found.
 GENTOO2020-02-06 12:42:15,096  DEBUG [UserService.java:31] - User (Aurimasb) was not found.
 GENTOO2020-02-06 12:42:20,368  DEBUG [UserController.java:51] - User (ud) was found.
 GENTOO2020-02-06 12:50:56,666  DEBUG [UserService.java:31] - User (Aurimasb) was not found.
 GENTOO2020-02-06 12:51:02,168  DEBUG [UserController.java:51] - User (ud) was found.
 GENTOO2020-02-06 13:02:02,095  DEBUG [UserService.java:31] - User (Aurimasb) was not found.
 GENTOO2020-02-06 13:02:07,022  DEBUG [UserController.java:51] - User (ud) was found.
 GENTOO2020-02-06 13:03:57,264  DEBUG [UserService.java:31] - User (Aurimasb) was not found.
 GENTOO2020-02-06 13:04:01,710  DEBUG [UserController.java:51] - User (ud) was found.
 GENTOO2020-02-06 13:08:04,746  DEBUG [UserService.java:31] - User (Aurimasb) was not found.
 GENTOO2020-02-06 13:08:09,676  DEBUG [UserController.java:51] - User (ud) was found.
 GENTOO2020-02-06 13:08:35,100  DEBUG [UserController.java:91] - New user (ud) was updated.
 GENTOO2020-02-06 13:08:35,213  DEBUG [UserService.java:78] - User (uh) was updated.
 GENTOO2020-02-06 14:31:55,695  DEBUG [UserService.java:31] - User (admin) was not found.
 GENTOO2020-02-06 14:34:15,082  DEBUG [UserService.java:31] - User (admin) was not found.
 GENTOO2020-02-06 14:34:47,646  DEBUG [UserService.java:31] - User (admin) was not found.
 GENTOO2020-02-06 15:15:12,079  DEBUG [UserService.java:31] - User (admin) was not found.
 GENTOO2020-02-06 15:59:21,616  DEBUG [UserService.java:31] - User (admin) was not found.
 GENTOO2020-02-06 15:59:34,973  DEBUG [UserController.java:51] - User (admin) was found.
 GENTOO2020-02-06 16:00:24,162  DEBUG [UserController.java:51] - User (admin) was found.
 GENTOO2020-02-06 16:00:45,283  DEBUG [UserController.java:51] - User (admin) was found.
 GENTOO2020-02-06 16:01:03,981  DEBUG [UserController.java:51] - User (admin) was found.
 GENTOO2020-02-06 16:01:24,011  DEBUG [UserController.java:51] - User (admin) was found.
 GENTOO2020-02-06 16:02:13,699  DEBUG [UserController.java:51] - User (admin) was found.
 GENTOO2020-02-06 16:02:49,458  DEBUG [UserController.java:51] - User (admin) was found.
 GENTOO2020-02-06 16:04:26,089  DEBUG [UserService.java:31] - User (admin) was not found.
 GENTOO2020-02-06 16:04:30,719  DEBUG [UserController.java:51] - User (admin) was found.
 GENTOO2020-02-06 16:04:35,320  DEBUG [UserController.java:51] - User (admin) was found.
 GENTOO2020-02-06 16:06:30,133  DEBUG [UserService.java:31] - User (admin) was not found.
 GENTOO2020-02-06 16:07:26,735  DEBUG [UserController.java:72] - New user (Laura) was created.
 GENTOO2020-02-06 16:07:26,830  DEBUG [UserService.java:65] - New user (Laura) was added.
 GENTOO2020-02-06 16:09:00,380  DEBUG [UserService.java:31] - User (admin) was not found.
 GENTOO2020-02-06 16:09:11,667  DEBUG [UserController.java:51] - User (Laura) was found.
 GENTOO2020-02-07 08:58:53,721  DEBUG [UserController.java:76] - Failed to create new user (admin).
 GENTOO2020-02-07 08:59:56,998  DEBUG [UserController.java:72] - New user (user) was created.
 GENTOO2020-02-07 08:59:57,090  DEBUG [UserService.java:65] - New user (user) was added.
 GENTOO2020-02-07 08:59:57,211  DEBUG [UserController.java:76] - Failed to create new user (user).
 GENTOO2020-02-07 09:03:26,248  DEBUG [UserService.java:31] - User (admin) was not found.
 GENTOO2020-02-07 09:03:34,176  DEBUG [UserService.java:31] - User (admin) was not found.
 GENTOO2020-02-07 09:04:06,456  DEBUG [UserService.java:31] - User (Laura) was not found.
 GENTOO2020-02-07 09:04:15,712  DEBUG [UserService.java:31] - User (Laura) was not found.
 GENTOO2020-02-07 09:05:05,298  DEBUG [UserController.java:72] - New user (juozas) was created.
 GENTOO2020-02-07 09:05:05,377  DEBUG [UserService.java:65] - New user (juozas) was added.
 GENTOO2020-02-07 09:05:13,602  DEBUG [UserService.java:31] - User (juozas) was not found.
 GENTOO2020-02-07 09:07:13,707  DEBUG [UserService.java:31] - User (Laura) was not found.
 GENTOO2020-02-07 09:07:30,412  DEBUG [UserService.java:31] - User (Laura) was not found.
 GENTOO2020-02-07 09:09:03,685  DEBUG [UserController.java:72] - New user (admin) was created.
 GENTOO2020-02-07 09:09:03,766  DEBUG [UserService.java:65] - New user (admin) was added.
 GENTOO2020-02-07 09:09:10,583  DEBUG [UserService.java:31] - User (admin) was not found.
 GENTOO2020-02-07 09:09:19,625  DEBUG [UserService.java:31] - User (admin) was not found.
 GENTOO2020-02-07 09:09:52,849  DEBUG [UserController.java:72] - New user (user) was created.
 GENTOO2020-02-07 09:09:52,931  DEBUG [UserService.java:65] - New user (user) was added.
 GENTOO2020-02-07 09:10:10,121  DEBUG [UserService.java:31] - User (user) was not found.
 GENTOO2020-02-07 09:10:17,881  DEBUG [UserService.java:31] - User (admin) was not found.
 GENTOO2020-02-07 09:10:30,961  DEBUG [UserService.java:31] - User (admin) was not found.
 GENTOO2020-02-07 09:10:44,813  DEBUG [UserController.java:51] - User (user) was found.
 GENTOO2020-02-07 09:10:52,355  DEBUG [UserController.java:51] - User (user) was found.
 GENTOO2020-02-07 09:16:07,306  DEBUG [UserService.java:31] - User (admin) was not found.
 GENTOO2020-02-07 09:16:56,555  DEBUG [UserController.java:72] - New user (Vilius) was created.
 GENTOO2020-02-07 09:16:56,636  DEBUG [UserService.java:65] - New user (Vilius) was added.
 GENTOO2020-02-07 09:17:07,300  DEBUG [UserController.java:51] - User (Vilius) was found.
 GENTOO2020-02-07 09:17:23,220  DEBUG [UserController.java:91] - New user (Vilius) was updated.
 GENTOO2020-02-07 09:17:23,303  DEBUG [UserService.java:78] - User (Vilius) was updated.
 GENTOO2020-02-07 09:17:55,054  DEBUG [UserService.java:31] - User (user) was not found.
 GENTOO2020-02-07 09:17:59,915  DEBUG [UserService.java:31] - User (user) was not found.
 GENTOO2020-02-07 09:24:50,474  DEBUG [UserService.java:31] - User (admin) was not found.
 GENTOO